This is pdfTeX, Version 3.1415926-2.5-1.40.14 (TeX Live 2013/Debian) (format=pdflatex 2016.2.27)  5 MAY 2016 10:30
entering extended mode
 restricted \write18 enabled.
 %&-line parsing enabled.
**main.tex
(./main.tex
LaTeX2e <2011/06/27>
Babel <3.9h> and hyphenation patterns for 78 languages loaded.
(/usr/share/texlive/texmf-dist/tex/latex/base/book.cls
Document Class: book 2007/10/19 v1.4h Standard LaTeX document class
(/usr/share/texlive/texmf-dist/tex/latex/base/bk10.clo
File: bk10.clo 2007/10/19 v1.4h Standard LaTeX file (size option)
)
\c@part=\count79
\c@chapter=\count80
\c@section=\count81
\c@subsection=\count82
\c@subsubsection=\count83
\c@paragraph=\count84
\c@subparagraph=\count85
\c@figure=\count86
\c@table=\count87
\abovecaptionskip=\skip41
\belowcaptionskip=\skip42
\bibindent=\dimen102
)
(/usr/share/texlive/texmf-dist/tex/generic/babel/babel.sty
Package: babel 2013/12/03 3.9h The Babel package

(/usr/share/texlive/texmf-dist/tex/generic/babel-english/english.ldf
Language: english 2012/08/20 v3.3p English support from the babel system

(/usr/share/texlive/texmf-dist/tex/generic/babel/babel.def
File: babel.def 2013/12/03 3.9h Babel common definitions
\babel@savecnt=\count88
\U@D=\dimen103
)
\l@canadian = a dialect from \language\l@american 
\l@australian = a dialect from \language\l@british 
\l@newzealand = a dialect from \language\l@british 
))
(/usr/share/texlive/texmf-dist/tex/latex/combelow/combelow.sty
Package: combelow 2010/05/02 v0.99f comma below command
)
Package babel Info: Making " an active character on input line 6.

(/usr/share/texlive/texmf-dist/tex/latex/adjustbox/adjustbox.sty
Package: adjustbox 2012/05/21 v1.0 Adjusting TeX boxes (trim, clip, ...)

(/usr/share/texlive/texmf-dist/tex/latex/xkeyval/xkeyval.sty
Package: xkeyval 2012/10/14 v2.6b package option processing (HA)

(/usr/share/texlive/texmf-dist/tex/generic/xkeyval/xkeyval.tex
\XKV@toks=\toks14
\XKV@tempa@toks=\toks15
\XKV@depth=\count89
File: xkeyval.tex 2012/10/14 v2.6b key=value parser (HA)

(/usr/share/texlive/texmf-dist/tex/generic/xkeyval/keyval.tex)))
(/usr/share/texlive/texmf-dist/tex/latex/adjustbox/adjcalc.sty
Package: adjcalc 2012/05/16 v1.1 Provides advanced setlength with multiple back
-ends (calc, etex, pgfmath)
)
(/usr/share/texlive/texmf-dist/tex/latex/adjustbox/trimclip.sty
Package: trimclip 2012/05/16 v1.0 Trim and clip general TeX material

(/usr/share/texlive/texmf-dist/tex/latex/graphics/graphicx.sty
Package: graphicx 1999/02/16 v1.0f Enhanced LaTeX Graphics (DPC,SPQR)

(/usr/share/texlive/texmf-dist/tex/latex/graphics/graphics.sty
Package: graphics 2009/02/05 v1.0o Standard LaTeX Graphics (DPC,SPQR)

(/usr/share/texlive/texmf-dist/tex/latex/graphics/trig.sty
Package: trig 1999/03/16 v1.09 sin cos tan (DPC)
)
(/usr/share/texlive/texmf-dist/tex/latex/latexconfig/graphics.cfg
File: graphics.cfg 2010/04/23 v1.9 graphics configuration of TeX Live
)
Package graphics Info: Driver file: pdftex.def on input line 91.

(/usr/share/texlive/texmf-dist/tex/latex/pdftex-def/pdftex.def
File: pdftex.def 2011/05/27 v0.06d Graphics/color for pdfTeX

(/usr/share/texlive/texmf-dist/tex/generic/oberdiek/infwarerr.sty
Package: infwarerr 2010/04/08 v1.3 Providing info/warning/error messages (HO)
)
(/usr/share/texlive/texmf-dist/tex/generic/oberdiek/ltxcmds.sty
Package: ltxcmds 2011/11/09 v1.22 LaTeX kernel commands for general use (HO)
)
\Gread@gobject=\count90
))
\Gin@req@height=\dimen104
\Gin@req@width=\dimen105
)
(/usr/share/texlive/texmf-dist/tex/latex/collectbox/collectbox.sty
Package: collectbox 2012/05/17 v0.4b Collect macro arguments as boxes
\collectedbox=\box26
)
\tc@llx=\dimen106
\tc@lly=\dimen107
\tc@urx=\dimen108
\tc@ury=\dimen109
Package trimclip Info: Using driver 'tc-pdftex.def'.

(/usr/share/texlive/texmf-dist/tex/latex/adjustbox/tc-pdftex.def
File: tc-pdftex.def 2012/05/13 v1.0 Clipping driver for pdftex
))
\adjbox@Width=\dimen110
\adjbox@Height=\dimen111
\adjbox@Depth=\dimen112
\adjbox@Totalheight=\dimen113

(/usr/share/texlive/texmf-dist/tex/latex/ifoddpage/ifoddpage.sty
Package: ifoddpage 2011/09/13 v1.0 Conditionals for odd/even page detection
\c@checkoddpage=\count91
)
(/usr/share/texlive/texmf-dist/tex/latex/varwidth/varwidth.sty
Package: varwidth 2009/03/30 ver 0.92;  Variable-width minipages
\@vwid@box=\box27
\sift@deathcycles=\count92
\@vwid@loff=\dimen114
\@vwid@roff=\dimen115
))
(/usr/share/texlive/texmf-dist/tex/latex/geometry/geometry.sty
Package: geometry 2010/09/12 v5.6 Page Geometry

(/usr/share/texlive/texmf-dist/tex/generic/oberdiek/ifpdf.sty
Package: ifpdf 2011/01/30 v2.3 Provides the ifpdf switch (HO)
Package ifpdf Info: pdfTeX in PDF mode is detected.
)
(/usr/share/texlive/texmf-dist/tex/generic/oberdiek/ifvtex.sty
Package: ifvtex 2010/03/01 v1.5 Detect VTeX and its facilities (HO)
Package ifvtex Info: VTeX not detected.
)
(/usr/share/texlive/texmf-dist/tex/generic/ifxetex/ifxetex.sty
Package: ifxetex 2010/09/12 v0.6 Provides ifxetex conditional
)
\Gm@cnth=\count93
\Gm@cntv=\count94
\c@Gm@tempcnt=\count95
\Gm@bindingoffset=\dimen116
\Gm@wd@mp=\dimen117
\Gm@odd@mp=\dimen118
\Gm@even@mp=\dimen119
\Gm@layoutwidth=\dimen120
\Gm@layoutheight=\dimen121
\Gm@layouthoffset=\dimen122
\Gm@layoutvoffset=\dimen123
\Gm@dimlist=\toks16
)
(/usr/share/texlive/texmf-dist/tex/latex/fancyhdr/fancyhdr.sty
\fancy@headwidth=\skip43
\f@ncyO@elh=\skip44
\f@ncyO@erh=\skip45
\f@ncyO@olh=\skip46
\f@ncyO@orh=\skip47
\f@ncyO@elf=\skip48
\f@ncyO@erf=\skip49
\f@ncyO@olf=\skip50
\f@ncyO@orf=\skip51
)
(/usr/share/texlive/texmf-dist/tex/latex/url/url.sty
\Urlmuskip=\muskip10
Package: url 2013/09/16  ver 3.4  Verb mode for urls, etc.
)
(/usr/share/texlive/texmf-dist/tex/latex/amsmath/amsmath.sty
Package: amsmath 2013/01/14 v2.14 AMS math features
\@mathmargin=\skip52

For additional information on amsmath, use the `?' option.
(/usr/share/texlive/texmf-dist/tex/latex/amsmath/amstext.sty
Package: amstext 2000/06/29 v2.01

(/usr/share/texlive/texmf-dist/tex/latex/amsmath/amsgen.sty
File: amsgen.sty 1999/11/30 v2.0
\@emptytoks=\toks17
\ex@=\dimen124
))
(/usr/share/texlive/texmf-dist/tex/latex/amsmath/amsbsy.sty
Package: amsbsy 1999/11/29 v1.2d
\pmbraise@=\dimen125
)
(/usr/share/texlive/texmf-dist/tex/latex/amsmath/amsopn.sty
Package: amsopn 1999/12/14 v2.01 operator names
)
\inf@bad=\count96
LaTeX Info: Redefining \frac on input line 210.
\uproot@=\count97
\leftroot@=\count98
LaTeX Info: Redefining \overline on input line 306.
\classnum@=\count99
\DOTSCASE@=\count100
LaTeX Info: Redefining \ldots on input line 378.
LaTeX Info: Redefining \dots on input line 381.
LaTeX Info: Redefining \cdots on input line 466.
\Mathstrutbox@=\box28
\strutbox@=\box29
\big@size=\dimen126
LaTeX Font Info:    Redeclaring font encoding OML on input line 566.
LaTeX Font Info:    Redeclaring font encoding OMS on input line 567.
\macc@depth=\count101
\c@MaxMatrixCols=\count102
\dotsspace@=\muskip11
\c@parentequation=\count103
\dspbrk@lvl=\count104
\tag@help=\toks18
\row@=\count105
\column@=\count106
\maxfields@=\count107
\andhelp@=\toks19
\eqnshift@=\dimen127
\alignsep@=\dimen128
\tagshift@=\dimen129
\tagwidth@=\dimen130
\totwidth@=\dimen131
\lineht@=\dimen132
\@envbody=\toks20
\multlinegap=\skip53
\multlinetaggap=\skip54
\mathdisplay@stack=\toks21
LaTeX Info: Redefining \[ on input line 2665.
LaTeX Info: Redefining \] on input line 2666.
)
(/usr/share/texlive/texmf-dist/tex/latex/amsfonts/amssymb.sty
Package: amssymb 2013/01/14 v3.01 AMS font symbols

(/usr/share/texlive/texmf-dist/tex/latex/amsfonts/amsfonts.sty
Package: amsfonts 2013/01/14 v3.01 Basic AMSFonts support
\symAMSa=\mathgroup4
\symAMSb=\mathgroup5
LaTeX Font Info:    Overwriting math alphabet `\mathfrak' in version `bold'
(Font)                  U/euf/m/n --> U/euf/b/n on input line 106.
))
(/usr/share/texlive/texmf-dist/tex/latex/algorithm2e/algorithm2e.sty
Package: algorithm2e 2013/01/06 v5.00 algorithms environments
\c@AlgoLine=\count108

(/usr/share/texlive/texmf-dist/tex/latex/base/ifthen.sty
Package: ifthen 2001/05/26 v1.1c Standard LaTeX ifthen package (DPC)
)
(/usr/share/texlive/texmf-dist/tex/latex/tools/xspace.sty
Package: xspace 2009/10/20 v1.13 Space after command names (DPC,MH)
)
(/usr/share/texlive/texmf-dist/tex/latex/relsize/relsize.sty
Package: relsize 2013/03/29 ver 4.1
)
********************************************************
Package `algorithm2e' Release 5.0 -- january 06 2013 --
- algorithm2e-announce@lirmm.fr mailing list for announcement about releases
- algorithm2e-discussion@lirmm.fr mailing list for discussion about package
subscribe by emailing sympa@lirmm.fr with 'subscribe <list> <firstname name>'
- Author: Christophe Fiorio (cfiorio@um2.fr)
********************************************************
\skiptotal=\skip55
\skiplinenumber=\skip56
\skiprule=\skip57
\skiphlne=\skip58
\skiptext=\skip59
\skiplength=\skip60
\algomargin=\skip61
\skipalgocfslide=\skip62
\algowidth=\dimen133
\inoutsize=\dimen134
\inoutindent=\dimen135
\interspacetitleruled=\dimen136
\interspacealgoruled=\dimen137
\interspacetitleboxruled=\dimen138
\algocf@inoutbox=\box30
\algocf@inputbox=\box31
\AlCapSkip=\skip63
\AlCapHSkip=\skip64
\algoskipindent=\skip65
\algocf@nlbox=\box32
\algocf@hangingbox=\box33
\algocf@untilbox=\box34
\algocf@skipuntil=\skip66
\algocf@capbox=\box35
\algoheightruledefault=\skip67
\algoheightrule=\skip68
\algotitleheightruledefault=\skip69
\algotitleheightrule=\skip70
\c@algocfline=\count109
\c@algocfproc=\count110
\c@algocf=\count111
\algocf@algoframe=\box36
\algocf@algobox=\box37
) (/usr/share/texlive/texmf-dist/tex/latex/listings/listings.sty
\lst@mode=\count112
\lst@gtempboxa=\box38
\lst@token=\toks22
\lst@length=\count113
\lst@currlwidth=\dimen139
\lst@column=\count114
\lst@pos=\count115
\lst@lostspace=\dimen140
\lst@width=\dimen141
\lst@newlines=\count116
\lst@lineno=\count117
\lst@maxwidth=\dimen142

(/usr/share/texlive/texmf-dist/tex/latex/listings/lstmisc.sty
File: lstmisc.sty 2013/08/26 1.5b (Carsten Heinz)
\c@lstnumber=\count118
\lst@skipnumbers=\count119
\lst@framebox=\box39
)
(/usr/share/texlive/texmf-dist/tex/latex/listings/listings.cfg
File: listings.cfg 2013/08/26 1.5b listings configuration
))
Package: listings 2013/08/26 1.5b (Carsten Heinz)

(/usr/share/texlive/texmf-dist/tex/latex/graphics/color.sty
Package: color 2005/11/14 v1.0j Standard LaTeX Color (DPC)

(/usr/share/texlive/texmf-dist/tex/latex/latexconfig/color.cfg
File: color.cfg 2007/01/18 v1.5 color configuration of teTeX/TeXLive
)
Package color Info: Driver file: pdftex.def on input line 130.

(/usr/share/texlive/texmf-dist/tex/latex/graphics/dvipsnam.def
File: dvipsnam.def 1999/02/16 v3.0i Driver-dependant file (DPC,SPQR)
))
(/usr/share/texlive/texmf-dist/tex/latex/algorithms/algorithmic.sty
Package: algorithmic 2009/08/24 v0.1 Document Style `algorithmic'
\c@ALC@unique=\count120
\c@ALC@line=\count121
\c@ALC@rem=\count122
\c@ALC@depth=\count123
\ALC@tlm=\skip71
\algorithmicindent=\skip72
)
(./main.aux

LaTeX Warning: Label `bortz' multiply defined.

)
\openout1 = `main.aux'.

LaTeX Font Info:    Checking defaults for OML/cmm/m/it on input line 92.
LaTeX Font Info:    ... okay on input line 92.
LaTeX Font Info:    Checking defaults for T1/cmr/m/n on input line 92.
LaTeX Font Info:    ... okay on input line 92.
LaTeX Font Info:    Checking defaults for OT1/cmr/m/n on input line 92.
LaTeX Font Info:    ... okay on input line 92.
LaTeX Font Info:    Checking defaults for OMS/cmsy/m/n on input line 92.
LaTeX Font Info:    ... okay on input line 92.
LaTeX Font Info:    Checking defaults for OMX/cmex/m/n on input line 92.
LaTeX Font Info:    ... okay on input line 92.
LaTeX Font Info:    Checking defaults for U/cmr/m/n on input line 92.
LaTeX Font Info:    ... okay on input line 92.
 (/usr/share/texlive/texmf-dist/tex/context/base/supp-pdf.mkii
[Loading MPS to PDF converter (version 2006.09.02).]
\scratchcounter=\count124
\scratchdimen=\dimen143
\scratchbox=\box40
\nofMPsegments=\count125
\nofMParguments=\count126
\everyMPshowfont=\toks23
\MPscratchCnt=\count127
\MPscratchDim=\dimen144
\MPnumerator=\count128
\makeMPintoPDFobject=\count129
\everyMPtoPDFconversion=\toks24
) (/usr/share/texlive/texmf-dist/tex/generic/oberdiek/pdftexcmds.sty
Package: pdftexcmds 2011/11/29 v0.20 Utility functions of pdfTeX for LuaTeX (HO
)

(/usr/share/texlive/texmf-dist/tex/generic/oberdiek/ifluatex.sty
Package: ifluatex 2010/03/01 v1.3 Provides the ifluatex switch (HO)
Package ifluatex Info: LuaTeX not detected.
)
Package pdftexcmds Info: LuaTeX not detected.
Package pdftexcmds Info: \pdf@primitive is available.
Package pdftexcmds Info: \pdf@ifprimitive is available.
Package pdftexcmds Info: \pdfdraftmode found.
)
(/usr/share/texlive/texmf-dist/tex/latex/oberdiek/epstopdf-base.sty
Package: epstopdf-base 2010/02/09 v2.5 Base part for package epstopdf

(/usr/share/texlive/texmf-dist/tex/latex/oberdiek/grfext.sty
Package: grfext 2010/08/19 v1.1 Manage graphics extensions (HO)

(/usr/share/texlive/texmf-dist/tex/generic/oberdiek/kvdefinekeys.sty
Package: kvdefinekeys 2011/04/07 v1.3 Define keys (HO)
))
(/usr/share/texlive/texmf-dist/tex/latex/oberdiek/kvoptions.sty
Package: kvoptions 2011/06/30 v3.11 Key value format for package options (HO)

(/usr/share/texlive/texmf-dist/tex/generic/oberdiek/kvsetkeys.sty
Package: kvsetkeys 2012/04/25 v1.16 Key value parser (HO)

(/usr/share/texlive/texmf-dist/tex/generic/oberdiek/etexcmds.sty
Package: etexcmds 2011/02/16 v1.5 Avoid name clashes with e-TeX commands (HO)
Package etexcmds Info: Could not find \expanded.
(etexcmds)             That can mean that you are not using pdfTeX 1.50 or
(etexcmds)             that some package has redefined \expanded.
(etexcmds)             In the latter case, load this package earlier.
)))
Package grfext Info: Graphics extension search list:
(grfext)             [.png,.pdf,.jpg,.mps,.jpeg,.jbig2,.jb2,.PNG,.PDF,.JPG,.JPE
G,.JBIG2,.JB2,.eps]
(grfext)             \AppendGraphicsExtensions on input line 452.

(/usr/share/texlive/texmf-dist/tex/latex/latexconfig/epstopdf-sys.cfg
File: epstopdf-sys.cfg 2010/07/13 v1.3 Configuration of (r)epstopdf for TeX Liv
e
))
*geometry* driver: auto-detecting
*geometry* detected driver: pdftex
*geometry* verbose mode - [ preamble ] result:
* driver: pdftex
* paper: a4paper
* layout: <same size as paper>
* layoutoffset:(h,v)=(0.0pt,0.0pt)
* modes: twoside 
* h-part:(L,W,R)=(72.2698pt, 452.96826pt, 72.2698pt)
* v-part:(T,H,B)=(72.2698pt, 700.50723pt, 72.2698pt)
* \paperwidth=597.50787pt
* \paperheight=845.04684pt
* \textwidth=452.96826pt
* \textheight=700.50723pt
* \oddsidemargin=-0.00018pt
* \evensidemargin=-0.00018pt
* \topmargin=-30.06767pt
* \headheight=12.0pt
* \headsep=18.06749pt
* \topskip=10.0pt
* \footskip=25.29494pt
* \marginparwidth=115.0pt
* \marginparsep=7.0pt
* \columnsep=10.0pt
* \skip\footins=9.0pt plus 4.0pt minus 2.0pt
* \hoffset=0.0pt
* \voffset=0.0pt
* \mag=1000
* \@twocolumnfalse
* \@twosidetrue
* \@mparswitchtrue
* \@reversemarginfalse
* (1in=72.27pt=25.4mm, 1cm=28.453pt)

\c@lstlisting=\count130

Overfull \hbox (15.0pt too wide) in paragraph at lines 100--101
[][] 
 []

Package epstopdf Info: Source file: <logo/logo_uob_color.eps>
(epstopdf)                    date: 2016-04-15 10:34:28
(epstopdf)                    size: 21121 bytes
(epstopdf)             Output file: <logo/logo_uob_color-eps-converted-to.pdf>
(epstopdf)                    date: 2016-04-15 11:50:10
(epstopdf)                    size: 12029 bytes
(epstopdf)             Command: <repstopdf --outfile=logo/logo_uob_color-eps-co
nverted-to.pdf logo/logo_uob_color.eps>
(epstopdf)             \includegraphics on input line 104.
Package epstopdf Info: Output file is already uptodate.
<logo/logo_uob_color-eps-converted-to.pdf, id=1, 546.04pt x 158.5925pt>
File: logo/logo_uob_color-eps-converted-to.pdf Graphic file (type pdf)

<use logo/logo_uob_color-eps-converted-to.pdf>
Package pdftex.def Info: logo/logo_uob_color-eps-converted-to.pdf used on input
 line 104.
(pdftex.def)             Requested size: 163.81326pt x 47.57811pt.
LaTeX Font Info:    Try loading font information for U+msa on input line 112.

(/usr/share/texlive/texmf-dist/tex/latex/amsfonts/umsa.fd
File: umsa.fd 2013/01/14 v3.01 AMS symbols A
)
LaTeX Font Info:    Try loading font information for U+msb on input line 112.

(/usr/share/texlive/texmf-dist/tex/latex/amsfonts/umsb.fd
File: umsb.fd 2013/01/14 v3.01 AMS symbols B
) [1

{/var/lib/texmf/fonts/map/pdftex/updmap/pdftex.map} <./logo/logo_uob_color-eps-
converted-to.pdf>] [2

] [1

] [2

] (./main.toc)
\tf@toc=\write3
\openout3 = `main.toc'.

 [3] [4

] (./main.lof)
\tf@lof=\write4
\openout4 = `main.lof'.

 [5] [6

] (./main.loa)
\tf@loa=\write5
\openout5 = `main.loa'.

 [7]
[8

] (./main.lol)
\tf@lol=\write6
\openout6 = `main.lol'.

 [9] [10

]
Underfull \hbox (badness 10000) in paragraph at lines 170--174

 []

LaTeX Font Info:    Try loading font information for OMS+cmr on input line 176.

(/usr/share/texlive/texmf-dist/tex/latex/base/omscmr.fd
File: omscmr.fd 1999/05/25 v2.5h Standard LaTeX font definitions
)
LaTeX Font Info:    Font shape `OMS/cmr/m/n' in size <10> not available
(Font)              Font shape `OMS/cmsy/m/n' tried instead on input line 176.
 [11] [12

] [13]
[14

] [15] [16

] [17] [18

]
Chapter 1.
[1

] [2

]
Chapter 2.
[3]
Underfull \vbox (badness 10000) has occurred while \output is active []

 [4]
Missing character: There is no â in font cmr10!
Missing character: There is no € in font cmr10!
Missing character: There is no ™ in font cmr10!

[5]
Missing character: There is no â in font cmr10!
Missing character: There is no € in font cmr10!
Missing character: There is no ™ in font cmr10!
 <figures/cache.png, id=97, 2160.07pt x 1331.97626pt>
File: figures/cache.png Graphic file (type png)

<use figures/cache.png>
Package pdftex.def Info: figures/cache.png used on input line 369.
(pdftex.def)             Requested size: 207.61485pt x 128.0374pt.
 [6 <./figures/cache.png>] [7] [8]
Underfull \vbox (badness 3646) has occurred while \output is active []

 [9]
Underfull \vbox (badness 2726) has occurred while \output is active []

 [10]
[11] [12]
Chapter 3.
[13

] [14]

Package Fancyhdr Warning: \headheight is too small (12.0pt): 
 Make it at least 22.54448pt.
 We now make it that large for the rest of the document.
 This may cause the page layout to be inconsistent, however.

[15] (/usr/share/texlive/texmf-dist/tex/latex/listings/lstlang1.sty
File: lstlang1.sty 2013/08/26 1.5b listings language file
)
(/usr/share/texlive/texmf-dist/tex/latex/listings/lstmisc.sty
File: lstmisc.sty 2013/08/26 1.5b (Carsten Heinz)
)
LaTeX Font Info:    Font shape `OT1/cmtt/bx/n' in size <9> not available
(Font)              Font shape `OT1/cmtt/m/n' tried instead on input line 571.
 [16]
Underfull \vbox (badness 10000) has occurred while \output is active []

 [17]
[18] [19]
Overfull \hbox (0.18985pt too wide) in paragraph at lines 655--656
[]\OT1/cmr/m/n/10 The at-tack de-scribed by Oren et al. tar-gets the last-level
 cache and is mod-elled after the PRIME+PROBE
 []


Overfull \hbox (15.0pt too wide) detected at line 684
[][] 
 []

[20]
Overfull \hbox (15.0pt too wide) detected at line 709
[][] 
 []

[21] [22]
Chapter 4.
[23

] [24] <figures/circularlinkedlist.png, id=163, 3155.79pt x 634.37pt>
File: figures/circularlinkedlist.png Graphic file (type png)

<use figures/circularlinkedlist.png>
Package pdftex.def Info: figures/circularlinkedlist.png used on input line 775.

(pdftex.def)             Requested size: 452.96826pt x 91.0472pt.

<figures/firefox39.png, id=164, 1743.51375pt x 609.27625pt>
File: figures/firefox39.png Graphic file (type png)

<use figures/firefox39.png>
Package pdftex.def Info: figures/firefox39.png used on input line 788.
(pdftex.def)             Requested size: 452.96826pt x 158.28722pt.

<figures/firefox45.png, id=165, 1773.62625pt x 620.3175pt>
File: figures/firefox45.png Graphic file (type png)

<use figures/firefox45.png>
Package pdftex.def Info: figures/firefox45.png used on input line 795.
(pdftex.def)             Requested size: 452.96826pt x 158.42023pt.


LaTeX Warning: `h' float specifier changed to `ht'.

[25 <./figures/circularlinkedlist.png> <./figures/firefox39.png>]
Underfull \vbox (badness 10000) has occurred while \output is active []

 [26 <./figures/firefox45.png>] [27] [28] [29]
<figures/interface.png, id=184, 1843.88875pt x 972.63374pt>
File: figures/interface.png Graphic file (type png)

<use figures/interface.png>
Package pdftex.def Info: figures/interface.png used on input line 917.
(pdftex.def)             Requested size: 452.96826pt x 238.9281pt.


LaTeX Warning: `h' float specifier changed to `ht'.

[30] <figures/guess.png, id=188, 1855.93375pt x 578.16pt>
File: figures/guess.png Graphic file (type png)

<use figures/guess.png>
Package pdftex.def Info: figures/guess.png used on input line 953.
(pdftex.def)             Requested size: 452.96826pt x 141.10788pt.


LaTeX Warning: `h' float specifier changed to `ht'.

[31 <./figures/interface.png>] [32 <./figures/guess.png>]
<figures/i100L50H.png, id=195, 1164.35pt x 625.33624pt>
File: figures/i100L50H.png Graphic file (type png)

<use figures/i100L50H.png>
Package pdftex.def Info: figures/i100L50H.png used on input line 999.
(pdftex.def)             Requested size: 452.95763pt x 199.16704pt.

<figures/v100L50H.png, id=196, 1137.24875pt x 606.265pt>
File: figures/v100L50H.png Graphic file (type png)

<use figures/v100L50H.png>
Package pdftex.def Info: figures/v100L50H.png used on input line 1006.
(pdftex.def)             Requested size: 452.96526pt x 199.17073pt.


LaTeX Warning: `h' float specifier changed to `ht'.

[33 <./figures/i100L50H.png>]
<figures/i100L100.png, id=200, 1151.30125pt x 614.295pt>
File: figures/i100L100.png Graphic file (type png)

<use figures/i100L100.png>
Package pdftex.def Info: figures/i100L100.png used on input line 1017.
(pdftex.def)             Requested size: 452.95836pt x 199.16547pt.

<figures/v100L100.png, id=201, 1147.28625pt x 620.3175pt>
File: figures/v100L100.png Graphic file (type png)

<use figures/v100L100.png>
Package pdftex.def Info: figures/v100L100.png used on input line 1024.
(pdftex.def)             Requested size: 452.95427pt x 199.16823pt.


LaTeX Warning: `h' float specifier changed to `ht'.

[34 <./figures/v100L50H.png> <./figures/i100L100.png>]
<figures/i100E.png, id=205, 1127.21124pt x 608.2725pt>
File: figures/i100E.png Graphic file (type png)
 <use figures/i100E.png>
Package pdftex.def Info: figures/i100E.png used on input line 1037.
(pdftex.def)             Requested size: 452.97488pt x 199.16197pt.

<figures/v100E.png, id=206, 1150.2975pt x 613.29124pt>
File: figures/v100E.png Graphic file (type png)
 <use figures/v100E.png>
Package pdftex.def Info: figures/v100E.png used on input line 1044.
(pdftex.def)             Requested size: 452.96715pt x 199.16756pt.


LaTeX Warning: `h' float specifier changed to `ht'.

[35 <./figures/v100L100.png> <./figures/i100E.png>] [36 <./figures/v100E.png>]
<figures/sw_size.png, id=214, 1841.88126pt x 423.5825pt>
File: figures/sw_size.png Graphic file (type png)

<use figures/sw_size.png>
Package pdftex.def Info: figures/sw_size.png used on input line 1095.
(pdftex.def)             Requested size: 452.96826pt x 104.16965pt.
 [37 <./figures/sw_size.png>] [38]
Chapter 5.

Underfull \vbox (badness 10000) has occurred while \output is active []

 [39

]
[40] (./main.bbl
Missing character: There is no â in font cmti10!
Missing character: There is no € in font cmti10!
Missing character: There is no ” in font cmti10!
Missing character: There is no â in font cmti10!
Missing character: There is no € in font cmti10!
Missing character: There is no ™ in font cmti10!
Missing character: There is no â in font cmti10!
Missing character: There is no € in font cmti10!
Missing character: There is no ” in font cmti10!
Missing character: There is no â in font cmti10!
Missing character: There is no € in font cmti10!
Missing character: There is no ” in font cmti10!
 [41


]
Underfull \hbox (badness 2635) in paragraph at lines 147--150
[]\OT1/cmr/m/n/10 ``Dom - doc-u-ment ob-ject model.'' $\OT1/cmtt/m/n/10 https :
 / / developer . mozilla . org / en-[]US / docs / Web / API /
 []

Missing character: There is no â in font cmr10!
Missing character: There is no € in font cmr10!
Missing character: There is no ™ in font cmr10!

Underfull \hbox (badness 4279) in paragraph at lines 159--162
[]\OT1/cmr/m/n/10 ``Clientside script-ing lan-guages pop-ular-ity.'' $\OT1/cmtt
/m/n/10 http : / / w3techs . com / technologies / overview /
 []


Underfull \hbox (badness 10000) in paragraph at lines 164--167
[]\OT1/cmr/m/n/10 ``Javascript.'' $\OT1/cmtt/m/n/10 https : / / developer . moz
illa . org / en-[]US / docs / Web / JavaScript / About _
 []


Underfull \hbox (badness 3492) in paragraph at lines 183--186
[]\OT1/cmr/m/n/10 ``Application cache api.'' $\OT1/cmtt/m/n/10 https : / / www 
. w3 . org / TR / 2011 / WD-[]html5-[]20110525 / offline . html #
 []

[42]
Underfull \hbox (badness 10000) in paragraph at lines 209--212
[]\OT1/cmr/m/n/10 ``Array buf-fer.'' $\OT1/cmtt/m/n/10 https : / / developer . 
mozilla . org / en-[]US / docs / Web / JavaScript / Reference /
 []


Underfull \hbox (badness 10000) in paragraph at lines 214--217
[]\OT1/cmr/m/n/10 ``Data view.'' $\OT1/cmtt/m/n/10 https : / / developer . mozi
lla . org / en-[]US / docs / Web / JavaScript / Reference /
 []


Underfull \hbox (badness 10000) in paragraph at lines 219--222
[]\OT1/cmr/m/n/10 ``Date.now().'' $\OT1/cmtt/m/n/10 https : / / developer . moz
illa . org / en-[]US / docs / Web / JavaScript / Reference /
 []

) [43] (./main.aux)

LaTeX Warning: There were multiply-defined labels.

 ) 
Here is how much of TeX's memory you used:
 7734 strings out of 493304
 108103 string characters out of 6139871
 272953 words of memory out of 5000000
 11009 multiletter control sequences out of 15000+600000
 11247 words of font info for 43 fonts, out of 8000000 for 9000
 957 hyphenation exceptions out of 8191
 40i,13n,72p,1316b,1668s stack positions out of 5000i,500n,10000p,200000b,80000s
</usr/share/texlive/texmf-dist/fonts/type1/public/amsfonts/cm/cmbx10.pfb></us
r/share/texlive/texmf-dist/fonts/type1/public/amsfonts/cm/cmbx12.pfb></usr/shar
e/texlive/texmf-dist/fonts/type1/public/amsfonts/cm/cmmi10.pfb></usr/share/texl
ive/texmf-dist/fonts/type1/public/amsfonts/cm/cmmi7.pfb></usr/share/texlive/tex
mf-dist/fonts/type1/public/amsfonts/cm/cmr10.pfb></usr/share/texlive/texmf-dist
/fonts/type1/public/amsfonts/cm/cmr12.pfb></usr/share/texlive/texmf-dist/fonts/
type1/public/amsfonts/cm/cmr17.pfb></usr/share/texlive/texmf-dist/fonts/type1/p
ublic/amsfonts/cm/cmr7.pfb></usr/share/texlive/texmf-dist/fonts/type1/public/am
sfonts/cm/cmr8.pfb></usr/share/texlive/texmf-dist/fonts/type1/public/amsfonts/c
m/cmsl10.pfb></usr/share/texlive/texmf-dist/fonts/type1/public/amsfonts/cm/cmsy
10.pfb></usr/share/texlive/texmf-dist/fonts/type1/public/amsfonts/cm/cmsy7.pfb>
</usr/share/texlive/texmf-dist/fonts/type1/public/amsfonts/cm/cmti10.pfb></usr/
share/texlive/texmf-dist/fonts/type1/public/amsfonts/cm/cmtt10.pfb></usr/share/
texlive/texmf-dist/fonts/type1/public/amsfonts/cm/cmtt9.pfb>
Output written on main.pdf (63 pages, 959348 bytes).
PDF statistics:
 287 PDF objects out of 1000 (max. 8388607)
 189 compressed objects within 2 object streams
 0 named destinations out of 1000 (max. 500000)
 71 words of extra memory for PDF output out of 10000 (max. 10000000)

