10.659999999999968
6.990000000000009
5.270000000000039
6.050000000000011
10.105000000000018
5.2450000000000045
5.430000000000007
5.375
6.520000000000039
7.394999999999982
5.099999999999966
5.839999999999975
5.230000000000018
5.0049999999999955
5.430000000000007
5.605000000000075
5.004999999999939
5.295000000000016
5.074999999999989
5.1299999999999955
6.435000000000059
5.050000000000011
5.9150000000000205
7.439999999999941
5.549999999999841
8.56499999999994
7.310000000000059
5.899999999999977
5.084999999999923
5.159999999999968
7.590000000000032
6.029999999999973
5.530000000000086
5.25
5.019999999999982
5.230000000000018
4.8950000000000955
5.2700000000000955
4.835000000000036
5.865000000000009
6.294999999999845
5.275000000000091
5.569999999999936
4.959999999999923
6.720000000000027
5.334999999999923
5.405000000000086
5.185000000000059
5.355000000000018
5.480000000000132
5.169999999999959
4.985000000000014
4.7349999999999
5.055000000000064
5.185000000000059
5.374999999999886
5.7999999999999545
5.069999999999936
5.230000000000018
5.394999999999982
6.514999999999986
5.689999999999941
5.080000000000041
5.715000000000032
5.194999999999936
4.974999999999909
5.154999999999973
5.350000000000023
5.055000000000064
5.30499999999995
5.495000000000118
6.095000000000027
5.199999999999932
5.235000000000014
5.32000000000005
5.404999999999973
5.824999999999932
5.309999999999945
6.730000000000018
5.425000000000068
8.214999999999918
5.600000000000023
5.1400000000001
5.230000000000018
5.159999999999968
5.019999999999982
5.264999999999873
5.769999999999868
7.904999999999973
5.5750000000000455
5.125000000000114
5.25
5.199999999999932
5.105000000000018
5.180000000000064
5.619999999999891
5.350000000000136
6.4650000000001455
9.964999999999918
5.629999999999882
