15.274999999999977
8.875000000000057
7.599999999999966
18.829999999999984
11.484999999999957
9.109999999999957
14.009999999999934
7.525000000000034
7.904999999999973
8.205000000000041
7.57000000000005
9.439999999999998
7.3250000000000455
7.189999999999884
8.899999999999864
6.954999999999927
7.600000000000136
7.0900000000001455
8.530000000000086
7.105000000000018
8.280000000000086
7.514999999999986
9.339999999999804
6.940000000000055
6.690000000000055
6.824999999999932
6.7999999999999545
7.4249999999999545
6.655000000000086
10.944999999999936
6.795000000000073
7.559999999999945
6.720000000000141
6.834999999999923
7.319999999999936
7.535000000000082
7.384999999999991
7.590000000000032
6.990000000000009
8.19500000000005
9.555000000000064
8.014999999999986
7.0200000000000955
7.059999999999945
7.355000000000018
6.774999999999977
6.769999999999868
7.784999999999968
11.615000000000009
7.425000000000068
7.444999999999936
7.530000000000086
7.590000000000032
7.885000000000105
8.460000000000036
9.980000000000018
7.139999999999986
9.045000000000073
7.159999999999968
10.99499999999989
7.500000000000114
8.330000000000155
8.719999999999914
7.889999999999986
9.350000000000023
7.6749999999999545
10.1099999999999
11.059999999999945
7.0049999999999955
7.235000000000014
7.715000000000032
7.114999999999895
7.115000000000009
6.805000000000177
8.35499999999979
6.735000000000127
9.949999999999818
7.085000000000036
8.6099999999999
7.255000000000109
8.740000000000009
7.285000000000082
7.475000000000136
7.115000000000009
7.059999999999718
6.974999999999909
11.404999999999745
7.410000000000309
7.330000000000155
7.460000000000036
6.940000000000055
11.285000000000082
7.754999999999882
7.610000000000127
7.444999999999936
7.154999999999973
10.894999999999982
6.899999999999864
6.7349999999999
7.475000000000136
