8.509999999999991
4.180000000000007
4.015000000000043
5.125
4.545000000000016
12.175000000000011
5.600000000000023
5.045000000000016
5.540000000000077
5.095000000000027
4.034999999999968
5.810000000000002
4.055000000000007
4.7450000000000045
5.939999999999998
4.144999999999982
4.124999999999943
4.650000000000034
5.460000000000036
4.204999999999984
4.169999999999902
4.730000000000018
3.9599999999999227
5.590000000000032
5.030000000000086
4.889999999999986
4.284999999999968
10.860000000000127
4.459999999999923
5.785000000000082
4.449999999999932
3.8250000000000455
8.754999999999995
4.949999999999932
12.714999999999918
4.909999999999968
4.114999999999895
4.184999999999945
4.4950000000000045
5.139999999999986
5.065000000000055
5.040000000000077
4.960000000000036
3.9400000000000546
4.469999999999914
3.689999999999941
7.699999999999932
4.329999999999927
4.314999999999941
3.7000000000000455
4.264999999999986
4.335000000000036
3.605000000000018
4.124999999999886
4.180000000000064
3.740000000000009
5.654999999999973
4.219999999999914
4.529999999999973
3.714999999999918
3.9249999999999545
3.8150000000000546
3.865000000000009
4.154999999999859
4.405000000000086
4.035000000000082
3.7049999999999272
3.909999999999968
3.7549999999998818
4.180000000000064
3.590000000000032
4.264999999999986
4.419999999999959
3.949999999999932
4.040000000000077
3.8299999999999272
4.465000000000032
3.96000000000015
3.6350000000001046
3.9349999999999454
4.414999999999964
4.6299999999999955
3.689999999999941
4.024999999999864
4.7349999999999
4.2650000000001
3.6399999999999864
3.8749999999998863
4.230000000000018
3.9200000000000728
3.8899999999999864
4.779999999999973
3.7899999999999636
4.205000000000041
4.064999999999941
3.9600000000000364
4.685000000000059
4.490000000000009
3.974999999999909
3.644999999999982
