11.700000000000045
4.925000000000011
4.029999999999973
6.3349999999999795
4.394999999999982
9.45999999999998
5.014999999999986
5.489999999999952
4.96999999999997
4.2450000000000045
6.784999999999968
4.034999999999968
6.009999999999934
5.585000000000036
6.154999999999973
5.220000000000027
4.279999999999973
4.6200000000000045
5.529999999999973
4.46999999999997
14.610000000000014
5.19500000000005
7.394999999999982
10.575000000000045
4.324999999999932
4.055000000000064
5.620000000000118
6.144999999999982
4.704999999999927
4.964999999999918
4.029999999999973
4.6200000000000045
5.065000000000055
4.124999999999886
4.085000000000036
6.029999999999973
4.905000000000086
4.190000000000055
5.079999999999927
5.155000000000086
4.220000000000027
4.125
5.360000000000014
4.225000000000023
4.350000000000023
5.230000000000018
3.9149999999999636
4.410000000000082
4.384999999999991
4.759999999999991
4.240000000000009
4.4249999999999545
5.289999999999964
4.005000000000109
4.355000000000018
5.090000000000032
4.100000000000023
4.139999999999873
4.475000000000023
4.309999999999945
3.9700000000000273
4.884999999999991
4.5049999999999955
3.8700000000000045
4.534999999999968
5.090000000000032
3.965000000000032
4.5049999999999955
3.9750000000000227
9.004999999999995
4.279999999999973
5.634999999999991
4.539999999999964
3.9599999999999227
4.905000000000086
3.965000000000032
3.9149999999999636
4.654999999999973
5.0049999999999955
3.9549999999999272
4.404999999999973
5.519999999999982
3.955000000000041
4.460000000000036
4.024999999999977
5.669999999999845
4.0150000000001
4.345000000000027
6.175000000000068
5.80499999999995
4.1299999999999955
6.025000000000091
4.100000000000023
4.4849999999999
5.305000000000064
4.154999999999973
3.900000000000091
4.805000000000064
4.7549999999999955
4.969999999999914
