0 8.355000000000018
1 5.139999999999986
2 5.03000000000003
3 5.264999999999986
4 5.159999999999968
5 6.319999999999993
6 4.904999999999973
7 5.0400000000000205
8 5.4950000000000045
9 6.979999999999961
10 5.275000000000034
11 5.544999999999959
12 5.71999999999997
13 5.940000000000055
14 9.009999999999991
15 7.869999999999948
16 5.634999999999991
17 6.9599999999999795
18 6.9950000000000045
19 5.510000000000048
20 5.384999999999991
21 5.169999999999959
22 5.805000000000007
23 5.890000000000043
24 4.96999999999997
25 4.750000000000057
26 4.920000000000016
27 4.96999999999997
28 4.740000000000009
29 5.610000000000014
30 5.835000000000036
31 40.17000000000007
32 9.850000000000023
33 5.064999999999941
34 5.384999999999991
35 5.579999999999927
36 5.375000000000114
37 6.784999999999968
38 5.919999999999959
39 5.334999999999923
40 4.789999999999964
41 5.439999999999941
42 6.169999999999959
43 5.865000000000009
44 4.944999999999936
45 5.175000000000068
46 5.389999999999986
47 5.669999999999959
48 6.134999999999991
49 5.434999999999945
50 4.689999999999941
51 5
52 5.149999999999977
53 5.495000000000118
54 6.2000000000000455
55 5.230000000000132
56 5.7000000000000455
57 4.925000000000068
58 6.2549999999999955
59 6.709999999999923
60 5.284999999999968
61 5.074999999999932
62 72.51999999999998
63 11.350000000000023
64 5.5799999999998136
65 4.7650000000001
66 4.9249999999999545
67 9.370000000000005
68 5.190000000000055
69 5.010000000000105
70 6.430000000000064
71 4.784999999999968
72 5.240000000000009
73 5.625
74 6.095000000000027
75 6.284999999999968
76 5.249999999999886
77 6.044999999999959
78 5.654999999999973
79 6.865000000000009
80 6.330000000000041
81 6.2999999999999545
82 5.639999999999986
83 5.634999999999877
84 5.42999999999995
85 5.040000000000077
86 5.275000000000091
87 5.754999999999882
88 6.634999999999991
89 5.955000000000041
90 6.740000000000009
91 5.590000000000032
92 5.599999999999909
93 5.855000000000018
94 5.894999999999982
95 5.850000000000136
96 5.4950000000000045
97 5.750000000000227
98 6.125
99 5.7000000000000455
