
0 14.439999999999998
1 10.41500000000002
2 11.020000000000039
3 11.125
4 10.06000000000006
5 8.564999999999998
6 8.769999999999982
7 8.72500000000008
8 7.150000000000034
9 7.105000000000018
10 8.979999999999961
11 9.430000000000007
12 113.82500000000005
13 7.6200000000000045
14 8.599999999999909
15 15.545000000000073
16 7.1049999999999045
17 7.184999999999945
18 7.125
19 7.134999999999991
20 7.194999999999936
21 7.774999999999977
22 7.1450000000000955
23 6.980000000000018
24 7.659999999999968
25 8.010000000000105
26 7.300000000000068
27 7.699999999999932
28 6.774999999999977
29 7.845000000000027
30 7.350000000000023
31 8.995000000000005
32 7.124999999999886
33 7.574999999999932
34 6.939999999999941
35 8.19500000000005
36 7.009999999999991
37 8.855000000000018
38 7.290000000000077
39 8.019999999999982
40 6.819999999999936
41 8.120000000000118
42 7.4500000000000455
43 6.785000000000082
44 8.235000000000014
45 6.969999999999914
46 7.784999999999968
47 7.235000000000014
48 7.540000000000077
49 8.345000000000027
50 7.269999999999982
51 7.375
52 7.649999999999977
53 7.650000000000091
54 9.704999999999927
55 8.639999999999986
56 7.845000000000027
57 10.549999999999955
58 7.060000000000059
59 7.8950000000000955
60 6.82000000000005
61 7.569999999999936
62 7.565000000000055
63 7.574999999999932
64 7.715000000000032
65 10.294999999999959
66 13.739999999999895
67 7.139999999999986
68 7.685000000000059
69 7.005000000000109
70 6.980000000000018
71 7.865000000000123
72 7.2650000000001
73 7.459999999999695
74 6.999999999999886
75 9.589999999999918
76 8.069999999999936
77 7.309999999999945
78 7.164999999999964
79 7.164999999999964
80 7.060000000000173
81 8.134999999999991
82 6.690000000000055
83 7.009999999999991
84 7.080000000000155
85 7.514999999999873
86 7.135000000000218
87 7.414999999999964
88 7.335000000000036
89 7.5750000000000455
90 7.195000000000164
91 7.165000000000191
92 7.150000000000091
93 7.370000000000118
94 7.1099999999999
95 8.430000000000064
96 7.730000000000018
97 7.695000000000164
98 7.229999999999791
99 8.039999999999964
