Document was loaded from Application Cache with manifest http://localhost:8080/cache.manifest
Application Cache Checking event
Application Cache NoUpdate event
0
1
2
3
4
5
6
7
8
9
10
11
12
13
14
15
16
17
18
19
20
21
22
23
24
25
26
27
28
29
30
31
32
33
34
35
36
37
38
39
40
41
42
43
44
45
46
47
48
49
50
51
52
53
54
55
56
57
58
59
60
61
62
63
64
65
66
67
68
69
70
71
72
73
74
75
76
77
78
79
80
81
82
83
84
85
86
87
88
89
90
91
92
93
94
95
96
97
98
99
0 9.039999999999964
1 8.140000000000043
2 4.8799999999999955
3 3.800000000000068
4 3.4399999999999977
5 4.939999999999998
6 3.4750000000000227
7 3.3699999999999477
8 3.625
9 3.3850000000000477
10 3.57000000000005
11 3.6650000000000205
12 3.625
13 5.225000000000023
14 3.580000000000041
15 3.4399999999999977
16 5.060000000000002
17 3.5149999999999864
18 3.920000000000016
19 79.85000000000008
20 6.07000000000005
21 4.404999999999973
22 4.435000000000173
23 3.7250000000001364
24 3.8299999999999272
25 4.684999999999945
26 4.914999999999964
27 4.644999999999982
28 3.9050000000000864
29 3.534999999999968
30 4.125
31 4.025000000000091
32 4.149999999999977
33 3.4950000000000045
34 3.6000000000000227
35 3.3449999999999136
36 4.934999999999945
37 4.460000000000036
38 3.6549999999999727
39 3.4049999999999727
40 4.019999999999982
41 3.4200000000000728
42 4.014999999999986
43 3.865000000000009
44 3.6799999999998363
45 4.205000000000041
46 3.6499999999998636
47 3.6700000000000728
48 3.634999999999991
49 3.759999999999991
50 3.6749999999999545
51 3.9249999999999545
52 3.7499999999998863
53 3.8299999999999272
54 3.480000000000018
55 3.769999999999982
56 4.034999999999968
57 4.460000000000036
58 3.8600000000001273
59 4.0499999999999545
60 3.715000000000032
61 4.055000000000064
62 3.949999999999932
63 3.7200000000000273
64 3.9249999999999545
65 4.315000000000168
66 3.7649999999999864
67 3.6799999999998363
68 3.630000000000109
69 3.7049999999999272
70 3.755000000000109
71 4.165000000000077
72 3.8050000000000637
73 3.6299999999999955
74 3.7399999999998954
75 3.6749999999999545
76 3.7649999999999864
77 3.55499999999995
78 4.564999999999941
79 4.7549999999999955
80 4.71000000000015
81 4.759999999999991
82 4.690000000000055
83 4.3599999999999
84 3.7849999999998545
85 4.035000000000082
86 3.7350000000000136
87 3.740000000000009
88 3.75
89 3.660000000000082
90 4.124999999999886
91 3.7649999999999864
92 4.130000000000109
93 3.8999999999999773
94 3.7250000000000227
95 3.80499999999995
96 3.7799999999999727
97 3.7000000000000455
98 3.919999999999959
99 3.82000000000005
