10.110000000000014
4.759999999999991
4.339999999999975
5.3799999999999955
5.039999999999964
9.590000000000032
5.7900000000000205
5.67999999999995
4.759999999999991
4.314999999999998
4.6749999999999545
4.435000000000002
4.545000000000016
5.8600000000000705
3.9350000000000023
3.8449999999999704
3.875
3.910000000000025
4.115000000000009
4.34499999999997
3.9750000000000227
4.185000000000002
4.069999999999993
109.435
5.3349999999999795
8.884999999999991
13.630000000000052
4.32000000000005
4.830000000000041
4.360000000000014
4.464999999999918
4.064999999999941
5.080000000000041
4.4950000000000045
5.185000000000059
4.204999999999927
4.664999999999964
4.435000000000059
4.220000000000027
4.435000000000059
4.0499999999999545
4.7999999999999545
4.219999999999914
4.269999999999982
4.9249999999999545
4.419999999999959
4.3599999999999
4.144999999999982
4.524999999999977
4.329999999999927
4.824999999999932
5.375
4.295000000000073
4.720000000000027
5.154999999999973
4.30499999999995
4.939999999999941
5.1099999999999
5.019999999999982
4.404999999999973
4.285000000000082
5.059999999999945
5.050000000000068
4.5750000000000455
4.3250000000000455
4.385000000000105
4.360000000000127
4.340000000000032
4.269999999999982
4.469999999999914
4.975000000000023
4.855000000000018
5.010000000000105
4.459999999999923
4.485000000000014
4.724999999999909
4.400000000000091
4.485000000000014
4.564999999999941
4.134999999999991
4.659999999999968
4.199999999999932
4.625
4.894999999999982
4.5499999999999545
4.585000000000036
4.940000000000055
4.8799999999999955
4.7450000000000045
5.180000000000064
4.42999999999995
4.7700000000000955
4.8549999999999045
4.360000000000014
4.230000000000018
4.209999999999923
4.169999999999959
4.134999999999991
4.160000000000082
4.410000000000082
